{"message":"You might need to start the Postgresql server with the command 'sudo service postgresql start' if you get an ECONNREFUSED Error","level":"info","time":"11:4:49:764"}
{"message":"Some information","level":"silly","time":"11:5:46:19"}
{"message":"Some information2","level":"debug","time":"11:5:46:20"}
{"message":"Some information3","level":"verbose","time":"11:5:46:20"}
{"message":"Some information4","level":"info","time":"11:5:46:20"}
{"message":"Some information5","level":"warn","time":"11:5:46:22"}
{"message":"Some information6","level":"error","time":"11:5:46:23"}
{"message":"You might need to start the Postgresql server with the command 'sudo service postgresql start' if you get an ECONNREFUSED Error","level":"info","time":"11:18:21:361"}
{"message":"Some information","level":"silly","time":"11:19:14:69"}
{"message":"Some information2","level":"debug","time":"11:19:14:69"}
{"message":"Some information3","level":"verbose","time":"11:19:14:69"}
{"message":"Some information4","level":"info","time":"11:19:14:69"}
{"message":"Some information5","level":"warn","time":"11:19:14:70"}
{"message":"Some information6","level":"error","time":"11:19:14:71"}
{"message":"You might need to start the Postgresql server with the command 'sudo service postgresql start' if you get an ECONNREFUSED Error","level":"info","time":"11:19:27:7"}
{"message":"Some information","level":"silly","time":"11:20:12:423"}
{"message":"Some information2","level":"debug","time":"11:20:12:423"}
{"message":"Some information3","level":"verbose","time":"11:20:12:423"}
{"message":"Some information4","level":"info","time":"11:20:12:424"}
{"message":"Some information5","level":"warn","time":"11:20:12:425"}
{"message":"Some information6","level":"error","time":"11:20:12:426"}
{"message":"You might need to start the Postgresql server with the command 'sudo service postgresql start' if you get an ECONNREFUSED Error","level":"info","time":"12:49:55:107"}
{"message":"Some information","level":"silly","time":"12:51:1:734"}
{"message":"Some information2","level":"debug","time":"12:51:1:734"}
{"message":"Some information3","level":"verbose","time":"12:51:1:734"}
{"message":"Some information4","level":"info","time":"12:51:1:734"}
{"message":"Some information5","level":"warn","time":"12:51:1:736"}
{"message":"Some information6","level":"error","time":"12:51:1:737"}
{"message":"You might need to start the Postgresql server with the command 'sudo service postgresql start' if you get an ECONNREFUSED Error","level":"info","time":"13:5:13:400"}
{"message":"Some information","level":"silly","time":"13:6:18:16"}
{"message":"Some information2","level":"debug","time":"13:6:18:17"}
{"message":"Some information3","level":"verbose","time":"13:6:18:19"}
{"message":"Some information4","level":"info","time":"13:6:18:20"}
{"message":"Some information5","level":"warn","time":"13:6:18:22"}
{"message":"Some information6","level":"error","time":"13:6:18:42"}
{"message":"You might need to start the Postgresql server with the command 'sudo service postgresql start' if you get an ECONNREFUSED Error","level":"info","time":"13:7:38:300"}
{"message":"Some information","level":"silly","time":"13:8:46:207"}
{"message":"Some information2","level":"debug","time":"13:8:46:207"}
{"message":"Some information3","level":"verbose","time":"13:8:46:207"}
{"message":"Some information4","level":"info","time":"13:8:46:207"}
{"message":"Some information5","level":"warn","time":"13:8:46:208"}
{"message":"Some information6","level":"error","time":"13:8:46:209"}
{"message":"You might need to start the Postgresql server with the command 'sudo service postgresql start' if you get an ECONNREFUSED Error","level":"info","time":"13:12:51:669"}
{"message":"Some information","level":"silly","time":"13:14:11:315"}
{"message":"Some information2","level":"debug","time":"13:14:11:316"}
{"message":"Some information3","level":"verbose","time":"13:14:11:316"}
{"message":"Some information4","level":"info","time":"13:14:11:316"}
{"message":"Some information5","level":"warn","time":"13:14:11:317"}
{"message":"Some information6","level":"error","time":"13:14:11:318"}
{"message":"You might need to start the Postgresql server with the command 'sudo service postgresql start' if you get an ECONNREFUSED Error","level":"info","time":"13:14:19:250"}
{"message":"Some information","level":"silly","time":"13:15:43:769"}
{"message":"Some information2","level":"debug","time":"13:15:43:769"}
{"message":"Some information3","level":"verbose","time":"13:15:43:769"}
{"message":"Some information4","level":"info","time":"13:15:43:769"}
{"message":"Some information5","level":"warn","time":"13:15:43:770"}
{"message":"Some information6","level":"error","time":"13:15:43:771"}
{"message":"You might need to start the Postgresql server with the command 'sudo service postgresql start' if you get an ECONNREFUSED Error","level":"info","time":"14:14:40:502"}
{"message":"Some information","level":"silly","time":"14:16:18:456"}
{"message":"Some information2","level":"debug","time":"14:16:18:457"}
{"message":"Some information3","level":"verbose","time":"14:16:18:457"}
{"message":"Some information4","level":"info","time":"14:16:18:457"}
{"message":"Some information5","level":"warn","time":"14:16:18:458"}
{"message":"Some information6","level":"error","time":"14:16:18:459"}
{"message":"error: syntax error at or near \"?\"\n    at Parser.parseErrorMessage (/mnt/c/Users/Magonba/Desktop/SharedFolderVM/WasteCollectionApp/node_modules/pg-protocol/src/parser.ts:357:11)\n    at Parser.handlePacket (/mnt/c/Users/Magonba/Desktop/SharedFolderVM/WasteCollectionApp/node_modules/pg-protocol/src/parser.ts:186:21)\n    at Parser.parse (/mnt/c/Users/Magonba/Desktop/SharedFolderVM/WasteCollectionApp/node_modules/pg-protocol/src/parser.ts:101:30)\n    at Socket.<anonymous> (/mnt/c/Users/Magonba/Desktop/SharedFolderVM/WasteCollectionApp/node_modules/pg-protocol/src/index.ts:7:48)\n    at Socket.emit (node:events:379:20)\n    at addChunk (node:internal/streams/readable:313:12)\n    at readableAddChunk (node:internal/streams/readable:288:9)\n    at Socket.Readable.push (node:internal/streams/readable:227:10)\n    at TCP.onStreamRead (node:internal/stream_base_commons:190:23)","level":"error","time":"14:44:54:744"}
{"message":"You might need to start the Postgresql server with the command 'sudo service postgresql start' if you get an ECONNREFUSED Error","level":"info","time":"14:44:57:240"}
{"message":"Some information","level":"silly","time":"14:46:15:793"}
{"message":"Some information2","level":"debug","time":"14:46:15:793"}
{"message":"Some information3","level":"verbose","time":"14:46:15:794"}
{"message":"Some information4","level":"info","time":"14:46:15:794"}
{"message":"Some information5","level":"warn","time":"14:46:15:795"}
{"message":"Some information6","level":"error","time":"14:46:15:795"}
{"message":"You might need to start the Postgresql server with the command 'sudo service postgresql start' if you get an ECONNREFUSED Error","level":"info","time":"14:46:43:716"}
{"message":"Some information","level":"silly","time":"14:48:2:893"}
{"message":"Some information2","level":"debug","time":"14:48:2:893"}
{"message":"Some information3","level":"verbose","time":"14:48:2:894"}
{"message":"Some information4","level":"info","time":"14:48:2:894"}
{"message":"Some information5","level":"warn","time":"14:48:2:895"}
{"message":"Some information6","level":"error","time":"14:48:2:896"}
{"message":"You might need to start the Postgresql server with the command 'sudo service postgresql start' if you get an ECONNREFUSED Error","level":"info","time":"14:49:37:962"}
{"message":"Some information","level":"silly","time":"14:50:53:958"}
{"message":"Some information2","level":"debug","time":"14:50:53:958"}
{"message":"Some information3","level":"verbose","time":"14:50:53:958"}
{"message":"Some information4","level":"info","time":"14:50:53:958"}
{"message":"Some information5","level":"warn","time":"14:50:53:960"}
{"message":"Some information6","level":"error","time":"14:50:53:961"}
{"message":"You might need to start the Postgresql server with the command 'sudo service postgresql start' if you get an ECONNREFUSED Error","level":"info","time":"15:37:5:332"}
{"message":"Some information","level":"silly","time":"15:38:25:916"}
{"message":"Some information2","level":"debug","time":"15:38:25:916"}
{"message":"Some information3","level":"verbose","time":"15:38:25:916"}
{"message":"Some information4","level":"info","time":"15:38:25:917"}
{"message":"Some information5","level":"warn","time":"15:38:25:918"}
{"message":"Some information6","level":"error","time":"15:38:25:919"}
{"message":"You might need to start the Postgresql server with the command 'sudo service postgresql start' if you get an ECONNREFUSED Error","level":"info","time":"15:38:53:496"}
{"message":"Some information","level":"silly","time":"15:40:7:986"}
{"message":"Some information2","level":"debug","time":"15:40:7:986"}
{"message":"Some information3","level":"verbose","time":"15:40:7:987"}
{"message":"Some information4","level":"info","time":"15:40:7:987"}
{"message":"Some information5","level":"warn","time":"15:40:7:988"}
{"message":"Some information6","level":"error","time":"15:40:7:989"}
{"message":"You might need to start the Postgresql server with the command 'sudo service postgresql start' if you get an ECONNREFUSED Error","level":"info","time":"15:47:27:927"}
{"message":"Some information","level":"silly","time":"15:48:44:212"}
{"message":"Some information2","level":"debug","time":"15:48:44:212"}
{"message":"Some information3","level":"verbose","time":"15:48:44:212"}
{"message":"Some information4","level":"info","time":"15:48:44:212"}
{"message":"Some information5","level":"warn","time":"15:48:44:213"}
{"message":"Some information6","level":"error","time":"15:48:44:214"}
