{"message":"You might need to start the Postgresql server with the command 'sudo service postgresql start' if you get an ECONNREFUSED Error","level":"info","time":"16:17:6:396"}
{"message":"Some information","level":"silly","time":"16:18:10:280"}
{"message":"Some information2","level":"debug","time":"16:18:10:280"}
{"message":"Some information3","level":"verbose","time":"16:18:10:281"}
{"message":"Some information4","level":"info","time":"16:18:10:281"}
{"message":"Some information5","level":"warn","time":"16:18:10:283"}
{"message":"Some information6","level":"error","time":"16:18:10:284"}
{"message":"You might need to start the Postgresql server with the command 'sudo service postgresql start' if you get an ECONNREFUSED Error","level":"info","time":"17:6:14:403"}
{"message":"You might need to start the Postgresql server with the command 'sudo service postgresql start' if you get an ECONNREFUSED Error","level":"info","time":"17:8:4:936"}
{"message":"Some information","level":"silly","time":"17:9:23:664"}
{"message":"Some information2","level":"debug","time":"17:9:23:665"}
{"message":"Some information3","level":"verbose","time":"17:9:23:665"}
{"message":"Some information4","level":"info","time":"17:9:23:665"}
{"message":"Some information5","level":"warn","time":"17:9:23:666"}
{"message":"Some information6","level":"error","time":"17:9:23:667"}
{"message":"You might need to start the Postgresql server with the command 'sudo service postgresql start' if you get an ECONNREFUSED Error","level":"info","time":"17:34:40:78"}
{"message":"Some information","level":"silly","time":"17:36:22:97"}
{"message":"Some information2","level":"debug","time":"17:36:22:98"}
{"message":"Some information3","level":"verbose","time":"17:36:22:98"}
{"message":"Some information4","level":"info","time":"17:36:22:98"}
{"message":"Some information5","level":"warn","time":"17:36:22:100"}
{"message":"Some information6","level":"error","time":"17:36:22:100"}
{"message":"You might need to start the Postgresql server with the command 'sudo service postgresql start' if you get an ECONNREFUSED Error","level":"info","time":"17:42:26:515"}
{"message":"Some information","level":"silly","time":"17:43:44:485"}
{"message":"Some information2","level":"debug","time":"17:43:44:485"}
{"message":"Some information3","level":"verbose","time":"17:43:44:486"}
{"message":"Some information4","level":"info","time":"17:43:44:486"}
{"message":"Some information5","level":"warn","time":"17:43:44:487"}
{"message":"Some information6","level":"error","time":"17:43:44:488"}
{"message":"You might need to start the Postgresql server with the command 'sudo service postgresql start' if you get an ECONNREFUSED Error","level":"info","time":"17:50:8:205"}
{"message":"Some information","level":"silly","time":"17:51:42:580"}
{"message":"Some information2","level":"debug","time":"17:51:42:581"}
{"message":"Some information3","level":"verbose","time":"17:51:42:581"}
{"message":"Some information4","level":"info","time":"17:51:42:581"}
{"message":"Some information5","level":"warn","time":"17:51:42:582"}
{"message":"Some information6","level":"error","time":"17:51:42:583"}
{"message":"You might need to start the Postgresql server with the command 'sudo service postgresql start' if you get an ECONNREFUSED Error","level":"info","time":"18:2:35:623"}
{"message":"Some information","level":"silly","time":"18:3:58:554"}
{"message":"Some information2","level":"debug","time":"18:3:58:554"}
{"message":"Some information3","level":"verbose","time":"18:3:58:555"}
{"message":"Some information4","level":"info","time":"18:3:58:555"}
{"message":"Some information5","level":"warn","time":"18:3:58:556"}
{"message":"Some information6","level":"error","time":"18:3:58:556"}
