{"message":"You might need to start the Postgresql server with the command 'sudo service postgresql start' if you get an ECONNREFUSED Error","level":"info","time":"9:28:3:351"}
{"message":"Some information4","level":"info","time":"9:28:39:569"}
{"message":"Some information5","level":"warn","time":"9:28:39:570"}
{"message":"Some information6","level":"error","time":"9:28:39:571"}
{"message":"You might need to start the Postgresql server with the command 'sudo service postgresql start' if you get an ECONNREFUSED Error","level":"info","time":"9:30:55:855"}
{"message":"Some information4","level":"info","time":"9:31:26:876"}
{"message":"Some information5","level":"warn","time":"9:31:26:877"}
{"message":"Some information6","level":"error","time":"9:31:26:878"}
{"message":"You might need to start the Postgresql server with the command 'sudo service postgresql start' if you get an ECONNREFUSED Error","level":"info","time":"9:32:34:29"}
{"message":"Some information4","level":"info","time":"9:33:9:99"}
{"message":"Some information5","level":"warn","time":"9:33:9:100"}
{"message":"Some information6","level":"error","time":"9:33:9:101"}
{"message":"You might need to start the Postgresql server with the command 'sudo service postgresql start' if you get an ECONNREFUSED Error","level":"info","time":"9:37:21:835"}
{"message":"Some information4","level":"info","time":"9:37:58:153"}
{"message":"Some information5","level":"warn","time":"9:37:58:154"}
{"message":"Some information6","level":"error","time":"9:37:58:154"}
{"message":"You might need to start the Postgresql server with the command 'sudo service postgresql start' if you get an ECONNREFUSED Error","level":"info","time":"9:38:10:845"}
{"message":"Some information4","level":"info","time":"9:38:44:231"}
{"message":"Some information5","level":"warn","time":"9:38:44:232"}
{"message":"Some information6","level":"error","time":"9:38:44:233"}
{"message":"You might need to start the Postgresql server with the command 'sudo service postgresql start' if you get an ECONNREFUSED Error","level":"info","time":"9:39:29:876"}
{"message":"Some information4","level":"info","time":"9:40:5:186"}
{"message":"Some information5","level":"warn","time":"9:40:5:187"}
{"message":"Some information6","level":"error","time":"9:40:5:188"}
{"message":"You might need to start the Postgresql server with the command 'sudo service postgresql start' if you get an ECONNREFUSED Error","level":"info","time":"10:10:48:563"}
{"message":"Some information4","level":"info","time":"10:11:30:228"}
{"message":"Some information5","level":"warn","time":"10:11:30:229"}
{"message":"Some information6","level":"error","time":"10:11:30:230"}
{"message":"You might need to start the Postgresql server with the command 'sudo service postgresql start' if you get an ECONNREFUSED Error","level":"info","time":"10:16:30:490"}
{"message":"Some information4","level":"info","time":"10:17:13:303"}
{"message":"Some information5","level":"warn","time":"10:17:13:304"}
{"message":"Some information6","level":"error","time":"10:17:13:305"}
{"message":"You might need to start the Postgresql server with the command 'sudo service postgresql start' if you get an ECONNREFUSED Error","level":"info","time":"10:22:1:975"}
{"message":"Some information4","level":"info","time":"10:22:49:651"}
{"message":"Some information5","level":"warn","time":"10:22:49:652"}
{"message":"Some information6","level":"error","time":"10:22:49:653"}
{"message":"You might need to start the Postgresql server with the command 'sudo service postgresql start' if you get an ECONNREFUSED Error","level":"info","time":"10:23:47:498"}
{"message":"Some information4","level":"info","time":"10:24:24:548"}
{"message":"Some information5","level":"warn","time":"10:24:24:550"}
{"message":"Some information6","level":"error","time":"10:24:24:550"}
{"message":"You might need to start the Postgresql server with the command 'sudo service postgresql start' if you get an ECONNREFUSED Error","level":"info","time":"10:25:33:161"}
{"message":"Some information4","level":"info","time":"10:26:7:417"}
{"message":"Some information5","level":"warn","time":"10:26:7:418"}
{"message":"Some information6","level":"error","time":"10:26:7:419"}
{"message":"You might need to start the Postgresql server with the command 'sudo service postgresql start' if you get an ECONNREFUSED Error","level":"info","time":"10:42:54:401"}
{"message":"Some information4","level":"info","time":"10:43:38:16"}
{"message":"Some information5","level":"warn","time":"10:43:38:17"}
{"message":"Some information6","level":"error","time":"10:43:38:18"}
{"message":"You might need to start the Postgresql server with the command 'sudo service postgresql start' if you get an ECONNREFUSED Error","level":"info","time":"10:47:10:849"}
{"message":"Some information4","level":"info","time":"10:47:46:980"}
{"message":"Some information5","level":"warn","time":"10:47:46:981"}
{"message":"Some information6","level":"error","time":"10:47:46:983"}
{"message":"You might need to start the Postgresql server with the command 'sudo service postgresql start' if you get an ECONNREFUSED Error","level":"info","time":"10:48:24:309"}
{"message":"Some information4","level":"info","time":"10:49:1:979"}
{"message":"Some information5","level":"warn","time":"10:49:1:980"}
{"message":"Some information6","level":"error","time":"10:49:1:981"}
{"message":"You might need to start the Postgresql server with the command 'sudo service postgresql start' if you get an ECONNREFUSED Error","level":"info","time":"10:54:15:332"}
{"message":"Some information4","level":"info","time":"10:54:52:85"}
{"message":"Some information5","level":"warn","time":"10:54:52:86"}
{"message":"Some information6","level":"error","time":"10:54:52:86"}
{"message":"You might need to start the Postgresql server with the command 'sudo service postgresql start' if you get an ECONNREFUSED Error","level":"info","time":"10:55:51:848"}
{"message":"Some information4","level":"info","time":"10:56:30:410"}
{"message":"Some information5","level":"warn","time":"10:56:30:411"}
{"message":"Some information6","level":"error","time":"10:56:30:412"}
{"message":"You might need to start the Postgresql server with the command 'sudo service postgresql start' if you get an ECONNREFUSED Error","level":"info","time":"10:56:48:607"}
{"message":"Some information4","level":"info","time":"10:57:25:129"}
{"message":"Some information5","level":"warn","time":"10:57:25:130"}
{"message":"Some information6","level":"error","time":"10:57:25:131"}
{"message":"You might need to start the Postgresql server with the command 'sudo service postgresql start' if you get an ECONNREFUSED Error","level":"info","time":"10:58:25:493"}
{"message":"Some information4","level":"info","time":"10:59:1:662"}
{"message":"Some information5","level":"warn","time":"10:59:1:663"}
{"message":"Some information6","level":"error","time":"10:59:1:664"}
{"message":"You might need to start the Postgresql server with the command 'sudo service postgresql start' if you get an ECONNREFUSED Error","level":"info","time":"11:15:49:75"}
{"message":"Some information4","level":"info","time":"11:16:41:776"}
{"message":"Some information5","level":"warn","time":"11:16:41:779"}
{"message":"Some information6","level":"error","time":"11:16:41:781"}
{"message":"You might need to start the Postgresql server with the command 'sudo service postgresql start' if you get an ECONNREFUSED Error","level":"info","time":"11:21:18:183"}
{"message":"Some information4","level":"info","time":"11:21:51:187"}
{"message":"Some information5","level":"warn","time":"11:21:51:189"}
{"message":"Some information6","level":"error","time":"11:21:51:191"}
{"message":"You might need to start the Postgresql server with the command 'sudo service postgresql start' if you get an ECONNREFUSED Error","level":"info","time":"11:24:12:343"}
{"message":"Some information4","level":"info","time":"11:24:33:363"}
{"message":"Some information5","level":"warn","time":"11:24:33:364"}
{"message":"Some information6","level":"error","time":"11:24:33:365"}
{"message":"You might need to start the Postgresql server with the command 'sudo service postgresql start' if you get an ECONNREFUSED Error","level":"info","time":"11:35:19:967"}
{"message":"Some information4","level":"info","time":"11:35:36:663"}
{"message":"Some information5","level":"warn","time":"11:35:36:664"}
{"message":"Some information6","level":"error","time":"11:35:36:665"}
{"message":"You might need to start the Postgresql server with the command 'sudo service postgresql start' if you get an ECONNREFUSED Error","level":"info","time":"11:37:41:897"}
{"message":"Some information4","level":"info","time":"11:38:14:761"}
{"message":"Some information5","level":"warn","time":"11:38:14:764"}
{"message":"Some information6","level":"error","time":"11:38:14:766"}
{"message":"You might need to start the Postgresql server with the command 'sudo service postgresql start' if you get an ECONNREFUSED Error","level":"info","time":"11:38:54:140"}
{"message":"Some information4","level":"info","time":"11:39:11:342"}
{"message":"Some information5","level":"warn","time":"11:39:11:343"}
{"message":"Some information6","level":"error","time":"11:39:11:343"}
{"message":"You might need to start the Postgresql server with the command 'sudo service postgresql start' if you get an ECONNREFUSED Error","level":"info","time":"11:41:5:636"}
{"message":"Some information4","level":"info","time":"11:41:46:770"}
{"message":"Some information5","level":"warn","time":"11:41:46:770"}
{"message":"Some information6","level":"error","time":"11:41:46:771"}
{"message":"Error: Command failed: /home/magonba/Magonba/Desktop/SharedFolderVM/WasteCollectionApp//backend/Database/SQLQueryToDB.bash wastecollectiondata wastecollectiondata wastecollectiondata localhost 5432 /home/magonba/Magonba/Desktop/SharedFolderVM/WasteCollectionApp//backend/Testing/setupSomeProjects.sql\npsql: error: could not connect to server: Connection refused\n\tIs the server running on host \"localhost\" (127.0.0.1) and accepting\n\tTCP/IP connections on port 5432?\n\n    at ChildProcess.exithandler (node:child_process:333:12)\n    at ChildProcess.emit (node:events:379:20)\n    at maybeClose (node:internal/child_process:1065:16)\n    at Process.ChildProcess._handle.onexit (node:internal/child_process:296:5)","level":"error","time":"11:46:51:99"}
{"message":"Error: connect ECONNREFUSED 127.0.0.1:5432\n    at TCPConnectWrap.afterConnect [as oncomplete] (node:net:1139:16)","level":"error","time":"11:46:51:143"}
{"message":"Error: Command failed: /home/magonba/Magonba/Desktop/SharedFolderVM/WasteCollectionApp//backend/Database/SQLQueryToDB.bash wastecollectiondata wastecollectiondata wastecollectiondata localhost 5432 /home/magonba/Magonba/Desktop/SharedFolderVM/WasteCollectionApp//backend/Testing/deleteSomeProjects.sql\npsql: error: could not connect to server: Connection refused\n\tIs the server running on host \"localhost\" (127.0.0.1) and accepting\n\tTCP/IP connections on port 5432?\n\n    at ChildProcess.exithandler (node:child_process:333:12)\n    at ChildProcess.emit (node:events:379:20)\n    at maybeClose (node:internal/child_process:1065:16)\n    at Process.ChildProcess._handle.onexit (node:internal/child_process:296:5)","level":"error","time":"11:46:51:417"}
{"message":"Error: connect ECONNREFUSED 127.0.0.1:5432\n    at TCPConnectWrap.afterConnect [as oncomplete] (node:net:1139:16)","level":"error","time":"11:46:51:425"}
{"message":"Error: Command failed: /home/magonba/Magonba/Desktop/SharedFolderVM/WasteCollectionApp//backend/Database/SQLQueryToDB.bash wastecollectiondata wastecollectiondata wastecollectiondata localhost 5432 /home/magonba/Magonba/Desktop/SharedFolderVM/WasteCollectionApp//backend/Testing/setupSomeProjects.sql\npsql: error: could not connect to server: Connection refused\n\tIs the server running on host \"localhost\" (127.0.0.1) and accepting\n\tTCP/IP connections on port 5432?\n\n    at ChildProcess.exithandler (node:child_process:333:12)\n    at ChildProcess.emit (node:events:379:20)\n    at maybeClose (node:internal/child_process:1065:16)\n    at Process.ChildProcess._handle.onexit (node:internal/child_process:296:5)","level":"error","time":"11:46:52:343"}
{"message":"Error: connect ECONNREFUSED 127.0.0.1:5432\n    at TCPConnectWrap.afterConnect [as oncomplete] (node:net:1139:16)","level":"error","time":"11:46:52:347"}
{"message":"Error: Command failed: /home/magonba/Magonba/Desktop/SharedFolderVM/WasteCollectionApp//backend/Database/SQLQueryToDB.bash wastecollectiondata wastecollectiondata wastecollectiondata localhost 5432 /home/magonba/Magonba/Desktop/SharedFolderVM/WasteCollectionApp//backend/Testing/deleteSomeProjects.sql\npsql: error: could not connect to server: Connection refused\n\tIs the server running on host \"localhost\" (127.0.0.1) and accepting\n\tTCP/IP connections on port 5432?\n\n    at ChildProcess.exithandler (node:child_process:333:12)\n    at ChildProcess.emit (node:events:379:20)\n    at maybeClose (node:internal/child_process:1065:16)\n    at Process.ChildProcess._handle.onexit (node:internal/child_process:296:5)","level":"error","time":"11:46:52:664"}
{"message":"Error: connect ECONNREFUSED 127.0.0.1:5432\n    at TCPConnectWrap.afterConnect [as oncomplete] (node:net:1139:16)","level":"error","time":"11:46:52:668"}
{"message":"You might need to start the Postgresql server with the command 'sudo service postgresql start' if you get an ECONNREFUSED Error","level":"info","time":"11:46:53:327"}
{"message":"Error: Command failed: /home/magonba/Magonba/Desktop/SharedFolderVM/WasteCollectionApp//backend/Database/SQLQueryToDB.bash wastecollectiondata wastecollectiondata wastecollectiondata localhost 5432 /home/magonba/Magonba/Desktop/SharedFolderVM/WasteCollectionApp//backend/Database/deleteDB.sql\npsql: error: could not connect to server: Connection refused\n\tIs the server running on host \"localhost\" (127.0.0.1) and accepting\n\tTCP/IP connections on port 5432?\n\n    at ChildProcess.exithandler (node:child_process:333:12)\n    at ChildProcess.emit (node:events:379:20)\n    at maybeClose (node:internal/child_process:1065:16)\n    at Process.ChildProcess._handle.onexit (node:internal/child_process:296:5)","level":"error","time":"11:46:53:676"}
{"message":"Error: Command failed: /home/magonba/Magonba/Desktop/SharedFolderVM/WasteCollectionApp//backend/Database/SQLQueryToDB.bash wastecollectiondata wastecollectiondata wastecollectiondata localhost 5432 /home/magonba/Magonba/Desktop/SharedFolderVM/WasteCollectionApp//backend/Database/deleteDB.sql\npsql: error: could not connect to server: Connection refused\n\tIs the server running on host \"localhost\" (127.0.0.1) and accepting\n\tTCP/IP connections on port 5432?\n\n    at ChildProcess.exithandler (node:child_process:333:12)\n    at ChildProcess.emit (node:events:379:20)\n    at maybeClose (node:internal/child_process:1065:16)\n    at Process.ChildProcess._handle.onexit (node:internal/child_process:296:5)","level":"error","time":"11:46:53:960"}
{"message":"Error: connect ECONNREFUSED 127.0.0.1:5432\n    at TCPConnectWrap.afterConnect [as oncomplete] (node:net:1139:16)","level":"error","time":"11:46:53:964"}
{"message":"Error: Command failed: /home/magonba/Magonba/Desktop/SharedFolderVM/WasteCollectionApp//backend/Database/SQLQueryToDB.bash wastecollectiondata wastecollectiondata wastecollectiondata localhost 5432 /home/magonba/Magonba/Desktop/SharedFolderVM/WasteCollectionApp//backend/Database/deleteDB.sql\npsql: error: could not connect to server: Connection refused\n\tIs the server running on host \"localhost\" (127.0.0.1) and accepting\n\tTCP/IP connections on port 5432?\n\n    at ChildProcess.exithandler (node:child_process:333:12)\n    at ChildProcess.emit (node:events:379:20)\n    at maybeClose (node:internal/child_process:1065:16)\n    at Process.ChildProcess._handle.onexit (node:internal/child_process:296:5)","level":"error","time":"11:46:54:241"}
{"message":"Error: connect ECONNREFUSED 127.0.0.1:5432\n    at TCPConnectWrap.afterConnect [as oncomplete] (node:net:1139:16)","level":"error","time":"11:46:54:246"}
{"message":"Error: Command failed: /home/magonba/Magonba/Desktop/SharedFolderVM/WasteCollectionApp//backend/Database/SQLQueryToDB.bash wastecollectiondata wastecollectiondata wastecollectiondata localhost 5432 /home/magonba/Magonba/Desktop/SharedFolderVM/WasteCollectionApp//backend/Database/deleteDB.sql\npsql: error: could not connect to server: Connection refused\n\tIs the server running on host \"localhost\" (127.0.0.1) and accepting\n\tTCP/IP connections on port 5432?\n\n    at ChildProcess.exithandler (node:child_process:333:12)\n    at ChildProcess.emit (node:events:379:20)\n    at maybeClose (node:internal/child_process:1065:16)\n    at Process.ChildProcess._handle.onexit (node:internal/child_process:296:5)","level":"error","time":"11:46:54:526"}
{"message":"Error: connect ECONNREFUSED 127.0.0.1:5432\n    at TCPConnectWrap.afterConnect [as oncomplete] (node:net:1139:16)","level":"error","time":"11:46:54:531"}
{"message":"Error: Command failed: /home/magonba/Magonba/Desktop/SharedFolderVM/WasteCollectionApp//backend/Database/SQLQueryToDB.bash wastecollectiondata wastecollectiondata wastecollectiondata localhost 5432 /home/magonba/Magonba/Desktop/SharedFolderVM/WasteCollectionApp//backend/Database/deleteDB.sql\npsql: error: could not connect to server: Connection refused\n\tIs the server running on host \"localhost\" (127.0.0.1) and accepting\n\tTCP/IP connections on port 5432?\n\n    at ChildProcess.exithandler (node:child_process:333:12)\n    at ChildProcess.emit (node:events:379:20)\n    at maybeClose (node:internal/child_process:1065:16)\n    at Socket.<anonymous> (node:internal/child_process:450:11)\n    at Socket.emit (node:events:379:20)\n    at Pipe.<anonymous> (node:net:667:12)","level":"error","time":"11:46:55:2"}
{"message":"Error: connect ECONNREFUSED 127.0.0.1:5432\n    at TCPConnectWrap.afterConnect [as oncomplete] (node:net:1139:16)","level":"error","time":"11:46:55:8"}
{"message":"Error: Command failed: /home/magonba/Magonba/Desktop/SharedFolderVM/WasteCollectionApp//backend/Database/SQLQueryToDB.bash wastecollectiondata wastecollectiondata wastecollectiondata localhost 5432 /home/magonba/Magonba/Desktop/SharedFolderVM/WasteCollectionApp//backend/Database/deleteDB.sql\npsql: error: could not connect to server: Connection refused\n\tIs the server running on host \"localhost\" (127.0.0.1) and accepting\n\tTCP/IP connections on port 5432?\n\n    at ChildProcess.exithandler (node:child_process:333:12)\n    at ChildProcess.emit (node:events:379:20)\n    at maybeClose (node:internal/child_process:1065:16)\n    at Socket.<anonymous> (node:internal/child_process:450:11)\n    at Socket.emit (node:events:379:20)\n    at Pipe.<anonymous> (node:net:667:12)","level":"error","time":"11:46:55:413"}
{"message":"Error: connect ECONNREFUSED 127.0.0.1:5432\n    at TCPConnectWrap.afterConnect [as oncomplete] (node:net:1139:16)","level":"error","time":"11:46:55:418"}
{"message":"Error: Command failed: /home/magonba/Magonba/Desktop/SharedFolderVM/WasteCollectionApp//backend/Database/SQLQueryToDB.bash wastecollectiondata wastecollectiondata wastecollectiondata localhost 5432 /home/magonba/Magonba/Desktop/SharedFolderVM/WasteCollectionApp//backend/Database/deleteDB.sql\npsql: error: could not connect to server: Connection refused\n\tIs the server running on host \"localhost\" (127.0.0.1) and accepting\n\tTCP/IP connections on port 5432?\n\n    at ChildProcess.exithandler (node:child_process:333:12)\n    at ChildProcess.emit (node:events:379:20)\n    at maybeClose (node:internal/child_process:1065:16)\n    at Process.ChildProcess._handle.onexit (node:internal/child_process:296:5)","level":"error","time":"11:46:55:715"}
{"message":"Error: connect ECONNREFUSED 127.0.0.1:5432\n    at TCPConnectWrap.afterConnect [as oncomplete] (node:net:1139:16)","level":"error","time":"11:46:55:718"}
{"message":"Error: Command failed: /home/magonba/Magonba/Desktop/SharedFolderVM/WasteCollectionApp//backend/Database/SQLQueryToDB.bash wastecollectiondata wastecollectiondata wastecollectiondata localhost 5432 /home/magonba/Magonba/Desktop/SharedFolderVM/WasteCollectionApp//backend/Database/deleteDB.sql\npsql: error: could not connect to server: Connection refused\n\tIs the server running on host \"localhost\" (127.0.0.1) and accepting\n\tTCP/IP connections on port 5432?\n\n    at ChildProcess.exithandler (node:child_process:333:12)\n    at ChildProcess.emit (node:events:379:20)\n    at maybeClose (node:internal/child_process:1065:16)\n    at Process.ChildProcess._handle.onexit (node:internal/child_process:296:5)","level":"error","time":"11:46:56:21"}
{"message":"Error: Command failed: /home/magonba/Magonba/Desktop/SharedFolderVM/WasteCollectionApp//backend/Database/SQLQueryToDB.bash wastecollectiondata wastecollectiondata wastecollectiondata localhost 5432 /home/magonba/Magonba/Desktop/SharedFolderVM/WasteCollectionApp//backend/Testing/setupSomeProjects.sql\npsql: error: could not connect to server: Connection refused\n\tIs the server running on host \"localhost\" (127.0.0.1) and accepting\n\tTCP/IP connections on port 5432?\n\n    at ChildProcess.exithandler (node:child_process:333:12)\n    at ChildProcess.emit (node:events:379:20)\n    at maybeClose (node:internal/child_process:1065:16)\n    at Process.ChildProcess._handle.onexit (node:internal/child_process:296:5)","level":"error","time":"11:47:1:713"}
{"message":"Error: connect ECONNREFUSED 127.0.0.1:5432\n    at TCPConnectWrap.afterConnect [as oncomplete] (node:net:1139:16)","level":"error","time":"11:47:1:718"}
{"message":"Error: Command failed: /home/magonba/Magonba/Desktop/SharedFolderVM/WasteCollectionApp//backend/Database/SQLQueryToDB.bash wastecollectiondata wastecollectiondata wastecollectiondata localhost 5432 /home/magonba/Magonba/Desktop/SharedFolderVM/WasteCollectionApp//backend/Testing/deleteSomeProjects.sql\npsql: error: could not connect to server: Connection refused\n\tIs the server running on host \"localhost\" (127.0.0.1) and accepting\n\tTCP/IP connections on port 5432?\n\n    at ChildProcess.exithandler (node:child_process:333:12)\n    at ChildProcess.emit (node:events:379:20)\n    at maybeClose (node:internal/child_process:1065:16)\n    at Process.ChildProcess._handle.onexit (node:internal/child_process:296:5)","level":"error","time":"11:47:2:4"}
{"message":"Error: connect ECONNREFUSED 127.0.0.1:5432\n    at TCPConnectWrap.afterConnect [as oncomplete] (node:net:1139:16)","level":"error","time":"11:47:2:8"}
{"message":"Error: Command failed: /home/magonba/Magonba/Desktop/SharedFolderVM/WasteCollectionApp//backend/Database/SQLQueryToDB.bash wastecollectiondata wastecollectiondata wastecollectiondata localhost 5432 /home/magonba/Magonba/Desktop/SharedFolderVM/WasteCollectionApp//backend/Testing/setupSomeProjects.sql\npsql: error: could not connect to server: Connection refused\n\tIs the server running on host \"localhost\" (127.0.0.1) and accepting\n\tTCP/IP connections on port 5432?\n\n    at ChildProcess.exithandler (node:child_process:333:12)\n    at ChildProcess.emit (node:events:379:20)\n    at maybeClose (node:internal/child_process:1065:16)\n    at Process.ChildProcess._handle.onexit (node:internal/child_process:296:5)","level":"error","time":"11:47:2:668"}
{"message":"Error: connect ECONNREFUSED 127.0.0.1:5432\n    at TCPConnectWrap.afterConnect [as oncomplete] (node:net:1139:16)","level":"error","time":"11:47:2:672"}
{"message":"Error: Command failed: /home/magonba/Magonba/Desktop/SharedFolderVM/WasteCollectionApp//backend/Database/SQLQueryToDB.bash wastecollectiondata wastecollectiondata wastecollectiondata localhost 5432 /home/magonba/Magonba/Desktop/SharedFolderVM/WasteCollectionApp//backend/Testing/deleteSomeProjects.sql\npsql: error: could not connect to server: Connection refused\n\tIs the server running on host \"localhost\" (127.0.0.1) and accepting\n\tTCP/IP connections on port 5432?\n\n    at ChildProcess.exithandler (node:child_process:333:12)\n    at ChildProcess.emit (node:events:379:20)\n    at maybeClose (node:internal/child_process:1065:16)\n    at Process.ChildProcess._handle.onexit (node:internal/child_process:296:5)","level":"error","time":"11:47:2:921"}
{"message":"Error: connect ECONNREFUSED 127.0.0.1:5432\n    at TCPConnectWrap.afterConnect [as oncomplete] (node:net:1139:16)","level":"error","time":"11:47:2:924"}
{"message":"Error: Command failed: /home/magonba/Magonba/Desktop/SharedFolderVM/WasteCollectionApp//backend/Database/SQLQueryToDB.bash wastecollectiondata wastecollectiondata wastecollectiondata localhost 5432 /home/magonba/Magonba/Desktop/SharedFolderVM/WasteCollectionApp//backend/Testing/setupSomeProjects.sql\npsql: error: could not connect to server: Connection refused\n\tIs the server running on host \"localhost\" (127.0.0.1) and accepting\n\tTCP/IP connections on port 5432?\n\n    at ChildProcess.exithandler (node:child_process:333:12)\n    at ChildProcess.emit (node:events:379:20)\n    at maybeClose (node:internal/child_process:1065:16)\n    at Process.ChildProcess._handle.onexit (node:internal/child_process:296:5)","level":"error","time":"11:47:3:577"}
{"message":"Error: connect ECONNREFUSED 127.0.0.1:5432\n    at TCPConnectWrap.afterConnect [as oncomplete] (node:net:1139:16)","level":"error","time":"11:47:3:581"}
{"message":"Error: Command failed: /home/magonba/Magonba/Desktop/SharedFolderVM/WasteCollectionApp//backend/Database/SQLQueryToDB.bash wastecollectiondata wastecollectiondata wastecollectiondata localhost 5432 /home/magonba/Magonba/Desktop/SharedFolderVM/WasteCollectionApp//backend/Testing/deleteSomeProjects.sql\npsql: error: could not connect to server: Connection refused\n\tIs the server running on host \"localhost\" (127.0.0.1) and accepting\n\tTCP/IP connections on port 5432?\n\n    at ChildProcess.exithandler (node:child_process:333:12)\n    at ChildProcess.emit (node:events:379:20)\n    at maybeClose (node:internal/child_process:1065:16)\n    at Process.ChildProcess._handle.onexit (node:internal/child_process:296:5)","level":"error","time":"11:47:3:833"}
{"message":"Error: connect ECONNREFUSED 127.0.0.1:5432\n    at TCPConnectWrap.afterConnect [as oncomplete] (node:net:1139:16)","level":"error","time":"11:47:3:836"}
{"message":"Some information4","level":"info","time":"11:47:4:128"}
{"message":"Some information5","level":"warn","time":"11:47:4:129"}
{"message":"Some information6","level":"error","time":"11:47:4:130"}
{"message":"Some information4","level":"info","time":"11:47:48:713"}
{"message":"Some information5","level":"warn","time":"11:47:48:718"}
{"message":"Some information6","level":"error","time":"11:47:48:718"}
{"message":"You might need to start the Postgresql server with the command 'sudo service postgresql start' if you get an ECONNREFUSED Error","level":"info","time":"11:48:7:135"}
{"message":"error: column \"smallcontainers\" does not exist\n    at Parser.parseErrorMessage (/mnt/c/Users/Magonba/Desktop/SharedFolderVM/WasteCollectionApp/node_modules/pg-protocol/src/parser.ts:357:11)\n    at Parser.handlePacket (/mnt/c/Users/Magonba/Desktop/SharedFolderVM/WasteCollectionApp/node_modules/pg-protocol/src/parser.ts:186:21)\n    at Parser.parse (/mnt/c/Users/Magonba/Desktop/SharedFolderVM/WasteCollectionApp/node_modules/pg-protocol/src/parser.ts:101:30)\n    at Socket.<anonymous> (/mnt/c/Users/Magonba/Desktop/SharedFolderVM/WasteCollectionApp/node_modules/pg-protocol/src/index.ts:7:48)\n    at Socket.emit (node:events:379:20)\n    at addChunk (node:internal/streams/readable:313:12)\n    at readableAddChunk (node:internal/streams/readable:288:9)\n    at Socket.Readable.push (node:internal/streams/readable:227:10)\n    at TCP.onStreamRead (node:internal/stream_base_commons:190:23)","level":"error","time":"13:43:2:234"}
{"message":"You might need to start the Postgresql server with the command 'sudo service postgresql start' if you get an ECONNREFUSED Error","level":"info","time":"13:43:4:131"}
{"message":"Some information4","level":"info","time":"13:43:34:782"}
{"message":"Some information5","level":"warn","time":"13:43:34:782"}
{"message":"Some information6","level":"error","time":"13:43:34:783"}
{"message":"error: column \"smallcontainers\" does not exist\n    at Parser.parseErrorMessage (/mnt/c/Users/Magonba/Desktop/SharedFolderVM/WasteCollectionApp/node_modules/pg-protocol/src/parser.ts:357:11)\n    at Parser.handlePacket (/mnt/c/Users/Magonba/Desktop/SharedFolderVM/WasteCollectionApp/node_modules/pg-protocol/src/parser.ts:186:21)\n    at Parser.parse (/mnt/c/Users/Magonba/Desktop/SharedFolderVM/WasteCollectionApp/node_modules/pg-protocol/src/parser.ts:101:30)\n    at Socket.<anonymous> (/mnt/c/Users/Magonba/Desktop/SharedFolderVM/WasteCollectionApp/node_modules/pg-protocol/src/index.ts:7:48)\n    at Socket.emit (node:events:379:20)\n    at addChunk (node:internal/streams/readable:313:12)\n    at readableAddChunk (node:internal/streams/readable:288:9)\n    at Socket.Readable.push (node:internal/streams/readable:227:10)\n    at TCP.onStreamRead (node:internal/stream_base_commons:190:23)","level":"error","time":"13:43:45:349"}
{"message":"You might need to start the Postgresql server with the command 'sudo service postgresql start' if you get an ECONNREFUSED Error","level":"info","time":"13:43:47:191"}
{"message":"Some information4","level":"info","time":"13:44:16:678"}
{"message":"Some information5","level":"warn","time":"13:44:16:678"}
{"message":"Some information6","level":"error","time":"13:44:16:679"}
{"message":"You might need to start the Postgresql server with the command 'sudo service postgresql start' if you get an ECONNREFUSED Error","level":"info","time":"13:44:28:655"}
{"message":"Some information4","level":"info","time":"13:45:0:52"}
{"message":"Some information5","level":"warn","time":"13:45:0:54"}
{"message":"Some information6","level":"error","time":"13:45:0:55"}
{"message":"You might need to start the Postgresql server with the command 'sudo service postgresql start' if you get an ECONNREFUSED Error","level":"info","time":"13:50:30:190"}
{"message":"Some information4","level":"info","time":"13:51:4:360"}
{"message":"Some information5","level":"warn","time":"13:51:4:361"}
{"message":"Some information6","level":"error","time":"13:51:4:362"}
{"message":"You might need to start the Postgresql server with the command 'sudo service postgresql start' if you get an ECONNREFUSED Error","level":"info","time":"14:13:11:775"}
{"message":"Some information4","level":"info","time":"14:13:44:472"}
{"message":"Some information5","level":"warn","time":"14:13:44:473"}
{"message":"Some information6","level":"error","time":"14:13:44:473"}
{"message":"You might need to start the Postgresql server with the command 'sudo service postgresql start' if you get an ECONNREFUSED Error","level":"info","time":"14:13:49:361"}
{"message":"Some information4","level":"info","time":"14:14:21:744"}
{"message":"Some information5","level":"warn","time":"14:14:21:746"}
{"message":"Some information6","level":"error","time":"14:14:21:747"}
{"message":"You might need to start the Postgresql server with the command 'sudo service postgresql start' if you get an ECONNREFUSED Error","level":"info","time":"14:25:38:99"}
{"message":"Some information4","level":"info","time":"14:26:10:956"}
{"message":"Some information5","level":"warn","time":"14:26:10:957"}
{"message":"Some information6","level":"error","time":"14:26:10:958"}
{"message":"You might need to start the Postgresql server with the command 'sudo service postgresql start' if you get an ECONNREFUSED Error","level":"info","time":"14:28:13:665"}
{"message":"Some information4","level":"info","time":"14:28:50:373"}
{"message":"Some information5","level":"warn","time":"14:28:50:374"}
{"message":"Some information6","level":"error","time":"14:28:50:375"}
{"message":"You might need to start the Postgresql server with the command 'sudo service postgresql start' if you get an ECONNREFUSED Error","level":"info","time":"14:29:39:164"}
{"message":"Some information4","level":"info","time":"14:30:17:550"}
{"message":"Some information5","level":"warn","time":"14:30:17:550"}
{"message":"Some information6","level":"error","time":"14:30:17:551"}
{"message":"You might need to start the Postgresql server with the command 'sudo service postgresql start' if you get an ECONNREFUSED Error","level":"info","time":"14:31:40:166"}
{"message":"Some information4","level":"info","time":"14:32:20:773"}
{"message":"Some information5","level":"warn","time":"14:32:20:774"}
{"message":"Some information6","level":"error","time":"14:32:20:774"}
{"message":"You might need to start the Postgresql server with the command 'sudo service postgresql start' if you get an ECONNREFUSED Error","level":"info","time":"14:32:32:67"}
{"message":"Some information4","level":"info","time":"14:33:7:22"}
{"message":"Some information5","level":"warn","time":"14:33:7:23"}
{"message":"Some information6","level":"error","time":"14:33:7:24"}
{"message":"You might need to start the Postgresql server with the command 'sudo service postgresql start' if you get an ECONNREFUSED Error","level":"info","time":"14:37:52:19"}
{"message":"Some information4","level":"info","time":"14:38:32:373"}
{"message":"Some information5","level":"warn","time":"14:38:32:373"}
{"message":"Some information6","level":"error","time":"14:38:32:374"}
{"message":"You might need to start the Postgresql server with the command 'sudo service postgresql start' if you get an ECONNREFUSED Error","level":"info","time":"14:38:43:781"}
{"message":"Some information4","level":"info","time":"14:39:23:723"}
{"message":"Some information5","level":"warn","time":"14:39:23:723"}
{"message":"Some information6","level":"error","time":"14:39:23:724"}
{"message":"You might need to start the Postgresql server with the command 'sudo service postgresql start' if you get an ECONNREFUSED Error","level":"info","time":"14:40:38:877"}
{"message":"Some information4","level":"info","time":"14:41:12:320"}
{"message":"Some information5","level":"warn","time":"14:41:12:320"}
{"message":"Some information6","level":"error","time":"14:41:12:321"}
{"message":"You might need to start the Postgresql server with the command 'sudo service postgresql start' if you get an ECONNREFUSED Error","level":"info","time":"15:15:41:777"}
{"message":"Some information4","level":"info","time":"15:16:21:368"}
{"message":"Some information5","level":"warn","time":"15:16:21:368"}
{"message":"Some information6","level":"error","time":"15:16:21:369"}
{"message":"You might need to start the Postgresql server with the command 'sudo service postgresql start' if you get an ECONNREFUSED Error","level":"info","time":"15:16:37:237"}
{"message":"Some information4","level":"info","time":"15:17:17:162"}
{"message":"Some information5","level":"warn","time":"15:17:17:162"}
{"message":"Some information6","level":"error","time":"15:17:17:163"}
{"message":"You might need to start the Postgresql server with the command 'sudo service postgresql start' if you get an ECONNREFUSED Error","level":"info","time":"15:17:29:711"}
{"message":"Some information4","level":"info","time":"15:18:3:528"}
{"message":"Some information5","level":"warn","time":"15:18:3:529"}
{"message":"Some information6","level":"error","time":"15:18:3:530"}
{"message":"You might need to start the Postgresql server with the command 'sudo service postgresql start' if you get an ECONNREFUSED Error","level":"info","time":"15:20:21:814"}
{"message":"Some information4","level":"info","time":"15:21:1:864"}
{"message":"Some information5","level":"warn","time":"15:21:1:865"}
{"message":"Some information6","level":"error","time":"15:21:1:866"}
{"message":"You might need to start the Postgresql server with the command 'sudo service postgresql start' if you get an ECONNREFUSED Error","level":"info","time":"15:21:39:148"}
{"message":"Some information4","level":"info","time":"15:22:16:410"}
{"message":"Some information5","level":"warn","time":"15:22:16:411"}
{"message":"Some information6","level":"error","time":"15:22:16:412"}
{"message":"You might need to start the Postgresql server with the command 'sudo service postgresql start' if you get an ECONNREFUSED Error","level":"info","time":"15:23:18:6"}
{"message":"Some information4","level":"info","time":"15:23:57:404"}
{"message":"Some information5","level":"warn","time":"15:23:57:405"}
{"message":"Some information6","level":"error","time":"15:23:57:406"}
{"message":"You might need to start the Postgresql server with the command 'sudo service postgresql start' if you get an ECONNREFUSED Error","level":"info","time":"15:24:13:700"}
{"message":"Some information4","level":"info","time":"15:24:43:875"}
{"message":"Some information5","level":"warn","time":"15:24:43:876"}
{"message":"Some information6","level":"error","time":"15:24:43:876"}
{"message":"You might need to start the Postgresql server with the command 'sudo service postgresql start' if you get an ECONNREFUSED Error","level":"info","time":"15:25:3:568"}
{"message":"Some information4","level":"info","time":"15:25:41:463"}
{"message":"Some information5","level":"warn","time":"15:25:41:464"}
{"message":"Some information6","level":"error","time":"15:25:41:465"}
{"message":"You might need to start the Postgresql server with the command 'sudo service postgresql start' if you get an ECONNREFUSED Error","level":"info","time":"15:37:50:807"}
{"message":"Some information4","level":"info","time":"15:38:30:580"}
{"message":"Some information5","level":"warn","time":"15:38:30:581"}
{"message":"Some information6","level":"error","time":"15:38:30:581"}
{"message":"You might need to start the Postgresql server with the command 'sudo service postgresql start' if you get an ECONNREFUSED Error","level":"info","time":"15:38:57:668"}
{"message":"Some information4","level":"info","time":"15:39:45:859"}
{"message":"Some information5","level":"warn","time":"15:39:45:860"}
{"message":"Some information6","level":"error","time":"15:39:45:860"}
{"message":"You might need to start the Postgresql server with the command 'sudo service postgresql start' if you get an ECONNREFUSED Error","level":"info","time":"16:32:48:844"}
{"message":"Some information4","level":"info","time":"16:33:32:459"}
{"message":"Some information5","level":"warn","time":"16:33:32:460"}
{"message":"Some information6","level":"error","time":"16:33:32:460"}
{"message":"error: column \"man20t\" does not exist\n    at Parser.parseErrorMessage (/mnt/c/Users/Magonba/Desktop/SharedFolderVM/WasteCollectionApp/node_modules/pg-protocol/src/parser.ts:357:11)\n    at Parser.handlePacket (/mnt/c/Users/Magonba/Desktop/SharedFolderVM/WasteCollectionApp/node_modules/pg-protocol/src/parser.ts:186:21)\n    at Parser.parse (/mnt/c/Users/Magonba/Desktop/SharedFolderVM/WasteCollectionApp/node_modules/pg-protocol/src/parser.ts:101:30)\n    at Socket.<anonymous> (/mnt/c/Users/Magonba/Desktop/SharedFolderVM/WasteCollectionApp/node_modules/pg-protocol/src/index.ts:7:48)\n    at Socket.emit (node:events:379:20)\n    at addChunk (node:internal/streams/readable:313:12)\n    at readableAddChunk (node:internal/streams/readable:288:9)\n    at Socket.Readable.push (node:internal/streams/readable:227:10)\n    at TCP.onStreamRead (node:internal/stream_base_commons:190:23)","level":"error","time":"16:33:36:164"}
{"message":"You might need to start the Postgresql server with the command 'sudo service postgresql start' if you get an ECONNREFUSED Error","level":"info","time":"16:36:49:659"}
{"message":"Some information4","level":"info","time":"16:37:31:746"}
{"message":"Some information5","level":"warn","time":"16:37:31:747"}
{"message":"Some information6","level":"error","time":"16:37:31:748"}
{"message":"You might need to start the Postgresql server with the command 'sudo service postgresql start' if you get an ECONNREFUSED Error","level":"info","time":"16:39:47:792"}
{"message":"Some information4","level":"info","time":"16:40:29:57"}
{"message":"Some information5","level":"warn","time":"16:40:29:57"}
{"message":"Some information6","level":"error","time":"16:40:29:58"}
{"message":"You might need to start the Postgresql server with the command 'sudo service postgresql start' if you get an ECONNREFUSED Error","level":"info","time":"17:0:6:324"}
{"message":"Some information4","level":"info","time":"17:0:54:43"}
{"message":"Some information5","level":"warn","time":"17:0:54:43"}
{"message":"Some information6","level":"error","time":"17:0:54:44"}
{"message":"You might need to start the Postgresql server with the command 'sudo service postgresql start' if you get an ECONNREFUSED Error","level":"info","time":"17:1:29:892"}
{"message":"Some information4","level":"info","time":"17:2:16:538"}
{"message":"Some information5","level":"warn","time":"17:2:16:539"}
{"message":"Some information6","level":"error","time":"17:2:16:539"}
{"message":"You might need to start the Postgresql server with the command 'sudo service postgresql start' if you get an ECONNREFUSED Error","level":"info","time":"18:8:48:196"}
{"message":"Some information4","level":"info","time":"18:9:37:937"}
{"message":"Some information5","level":"warn","time":"18:9:37:938"}
{"message":"Some information6","level":"error","time":"18:9:37:938"}
{"message":"Error: One of the properties (nodeid, tourid, wastecollected, ordering) do not have the correct type!\n    at _loop_1 (/mnt/c/Users/Magonba/Desktop/SharedFolderVM/WasteCollectionApp/backend/Model/Tour.ts:80:44)\n    at Function.<anonymous> (/mnt/c/Users/Magonba/Desktop/SharedFolderVM/WasteCollectionApp/backend/Model/Tour.ts:105:29)\n    at step (/mnt/c/Users/Magonba/Desktop/SharedFolderVM/WasteCollectionApp/backend/Model/Tour.ts:33:23)\n    at Object.next (/mnt/c/Users/Magonba/Desktop/SharedFolderVM/WasteCollectionApp/backend/Model/Tour.ts:14:53)\n    at fulfilled (/mnt/c/Users/Magonba/Desktop/SharedFolderVM/WasteCollectionApp/backend/Model/Tour.ts:5:58)\n    at runMicrotasks (<anonymous>)\n    at processTicksAndRejections (node:internal/process/task_queues:94:5)","level":"error","time":"18:9:43:685"}
{"message":"Error: One of the properties (nodeid, tourid, wastecollected, ordering) do not have the correct type!\n    at _loop_1 (/mnt/c/Users/Magonba/Desktop/SharedFolderVM/WasteCollectionApp/backend/Model/Tour.ts:81:44)\n    at Function.<anonymous> (/mnt/c/Users/Magonba/Desktop/SharedFolderVM/WasteCollectionApp/backend/Model/Tour.ts:106:29)\n    at step (/mnt/c/Users/Magonba/Desktop/SharedFolderVM/WasteCollectionApp/backend/Model/Tour.ts:33:23)\n    at Object.next (/mnt/c/Users/Magonba/Desktop/SharedFolderVM/WasteCollectionApp/backend/Model/Tour.ts:14:53)\n    at fulfilled (/mnt/c/Users/Magonba/Desktop/SharedFolderVM/WasteCollectionApp/backend/Model/Tour.ts:5:58)\n    at processTicksAndRejections (node:internal/process/task_queues:94:5)","level":"error","time":"18:12:50:54"}
{"message":"You might need to start the Postgresql server with the command 'sudo service postgresql start' if you get an ECONNREFUSED Error","level":"info","time":"18:12:51:862"}
{"message":"Some information4","level":"info","time":"18:13:42:702"}
{"message":"Some information5","level":"warn","time":"18:13:42:703"}
{"message":"Some information6","level":"error","time":"18:13:42:703"}
{"message":"You might need to start the Postgresql server with the command 'sudo service postgresql start' if you get an ECONNREFUSED Error","level":"info","time":"18:14:53:119"}
{"message":"Some information4","level":"info","time":"18:15:45:944"}
{"message":"Some information5","level":"warn","time":"18:15:45:945"}
{"message":"Some information6","level":"error","time":"18:15:45:946"}
{"message":"You might need to start the Postgresql server with the command 'sudo service postgresql start' if you get an ECONNREFUSED Error","level":"info","time":"18:15:51:964"}
{"message":"Some information4","level":"info","time":"18:16:39:830"}
{"message":"Some information5","level":"warn","time":"18:16:39:831"}
{"message":"Some information6","level":"error","time":"18:16:39:832"}
{"message":"You might need to start the Postgresql server with the command 'sudo service postgresql start' if you get an ECONNREFUSED Error","level":"info","time":"18:17:9:810"}
{"message":"Some information4","level":"info","time":"18:18:6:753"}
{"message":"Some information5","level":"warn","time":"18:18:6:754"}
{"message":"Some information6","level":"error","time":"18:18:6:755"}
{"message":"You might need to start the Postgresql server with the command 'sudo service postgresql start' if you get an ECONNREFUSED Error","level":"info","time":"21:37:52:665"}
{"message":"Some information4","level":"info","time":"21:39:10:254"}
{"message":"Some information5","level":"warn","time":"21:39:10:255"}
{"message":"Some information6","level":"error","time":"21:39:10:256"}
{"message":"Error: No GarbageScenarioVersion found with corresponding timing!\n    at /mnt/c/Users/Magonba/Desktop/SharedFolderVM/WasteCollectionApp/backend/Model/Result.ts:93:40\n    at step (/mnt/c/Users/Magonba/Desktop/SharedFolderVM/WasteCollectionApp/backend/Model/Result.ts:33:23)\n    at Object.next (/mnt/c/Users/Magonba/Desktop/SharedFolderVM/WasteCollectionApp/backend/Model/Result.ts:14:53)\n    at step (/mnt/c/Users/Magonba/Desktop/SharedFolderVM/WasteCollectionApp/backend/Model/Result.ts:18:139)\n    at Object.next (/mnt/c/Users/Magonba/Desktop/SharedFolderVM/WasteCollectionApp/backend/Model/Result.ts:14:53)\n    at fulfilled (/mnt/c/Users/Magonba/Desktop/SharedFolderVM/WasteCollectionApp/backend/Model/Result.ts:5:58)\n    at runMicrotasks (<anonymous>)\n    at processTicksAndRejections (node:internal/process/task_queues:94:5)","level":"error","time":"21:39:14:918"}
{"message":"Error: No GarbageScenarioVersion found with corresponding timing!\n    at /mnt/c/Users/Magonba/Desktop/SharedFolderVM/WasteCollectionApp/backend/Model/Result.ts:95:40\n    at step (/mnt/c/Users/Magonba/Desktop/SharedFolderVM/WasteCollectionApp/backend/Model/Result.ts:33:23)\n    at Object.next (/mnt/c/Users/Magonba/Desktop/SharedFolderVM/WasteCollectionApp/backend/Model/Result.ts:14:53)\n    at step (/mnt/c/Users/Magonba/Desktop/SharedFolderVM/WasteCollectionApp/backend/Model/Result.ts:18:139)\n    at Object.next (/mnt/c/Users/Magonba/Desktop/SharedFolderVM/WasteCollectionApp/backend/Model/Result.ts:14:53)\n    at fulfilled (/mnt/c/Users/Magonba/Desktop/SharedFolderVM/WasteCollectionApp/backend/Model/Result.ts:5:58)\n    at processTicksAndRejections (node:internal/process/task_queues:94:5)","level":"error","time":"21:42:6:328"}
{"message":"You might need to start the Postgresql server with the command 'sudo service postgresql start' if you get an ECONNREFUSED Error","level":"info","time":"21:42:8:877"}
{"message":"Some information4","level":"info","time":"21:43:23:212"}
{"message":"Some information5","level":"warn","time":"21:43:23:213"}
{"message":"Some information6","level":"error","time":"21:43:23:214"}
{"message":"Error: No CollectionPointScenarioVersion found with corresponding timing!\n    at /mnt/c/Users/Magonba/Desktop/SharedFolderVM/WasteCollectionApp/backend/Model/Result.ts:124:40\n    at step (/mnt/c/Users/Magonba/Desktop/SharedFolderVM/WasteCollectionApp/backend/Model/Result.ts:33:23)\n    at Object.next (/mnt/c/Users/Magonba/Desktop/SharedFolderVM/WasteCollectionApp/backend/Model/Result.ts:14:53)\n    at step (/mnt/c/Users/Magonba/Desktop/SharedFolderVM/WasteCollectionApp/backend/Model/Result.ts:18:139)\n    at Object.next (/mnt/c/Users/Magonba/Desktop/SharedFolderVM/WasteCollectionApp/backend/Model/Result.ts:14:53)\n    at fulfilled (/mnt/c/Users/Magonba/Desktop/SharedFolderVM/WasteCollectionApp/backend/Model/Result.ts:5:58)\n    at processTicksAndRejections (node:internal/process/task_queues:94:5)","level":"error","time":"21:47:36:496"}
{"message":"You might need to start the Postgresql server with the command 'sudo service postgresql start' if you get an ECONNREFUSED Error","level":"info","time":"21:47:39:9"}
{"message":"Some information4","level":"info","time":"21:48:55:471"}
{"message":"Some information5","level":"warn","time":"21:48:55:472"}
{"message":"Some information6","level":"error","time":"21:48:55:473"}
{"message":"Error: No VehicleTypeVersion found with corresponding timing!\n    at _loop_2 (/mnt/c/Users/Magonba/Desktop/SharedFolderVM/WasteCollectionApp/backend/Model/Result.ts:173:48)\n    at /mnt/c/Users/Magonba/Desktop/SharedFolderVM/WasteCollectionApp/backend/Model/Result.ts:158:45\n    at step (/mnt/c/Users/Magonba/Desktop/SharedFolderVM/WasteCollectionApp/backend/Model/Result.ts:33:23)\n    at Object.next (/mnt/c/Users/Magonba/Desktop/SharedFolderVM/WasteCollectionApp/backend/Model/Result.ts:14:53)\n    at step (/mnt/c/Users/Magonba/Desktop/SharedFolderVM/WasteCollectionApp/backend/Model/Result.ts:18:139)\n    at Object.next (/mnt/c/Users/Magonba/Desktop/SharedFolderVM/WasteCollectionApp/backend/Model/Result.ts:14:53)\n    at fulfilled (/mnt/c/Users/Magonba/Desktop/SharedFolderVM/WasteCollectionApp/backend/Model/Result.ts:5:58)\n    at processTicksAndRejections (node:internal/process/task_queues:94:5)","level":"error","time":"21:49:23:303"}
{"message":"You might need to start the Postgresql server with the command 'sudo service postgresql start' if you get an ECONNREFUSED Error","level":"info","time":"21:49:25:756"}
{"message":"Some information4","level":"info","time":"21:50:39:995"}
{"message":"Some information5","level":"warn","time":"21:50:39:996"}
{"message":"Some information6","level":"error","time":"21:50:39:997"}
{"message":"You might need to start the Postgresql server with the command 'sudo service postgresql start' if you get an ECONNREFUSED Error","level":"info","time":"21:51:37:444"}
{"message":"Some information4","level":"info","time":"21:52:54:437"}
{"message":"Some information5","level":"warn","time":"21:52:54:439"}
{"message":"Some information6","level":"error","time":"21:52:54:441"}
{"message":"You might need to start the Postgresql server with the command 'sudo service postgresql start' if you get an ECONNREFUSED Error","level":"info","time":"21:53:3:890"}
{"message":"You might need to start the Postgresql server with the command 'sudo service postgresql start' if you get an ECONNREFUSED Error","level":"info","time":"21:55:14:537"}
{"message":"Some information4","level":"info","time":"21:56:31:390"}
{"message":"Some information5","level":"warn","time":"21:56:31:392"}
{"message":"Some information6","level":"error","time":"21:56:31:393"}
{"message":"You might need to start the Postgresql server with the command 'sudo service postgresql start' if you get an ECONNREFUSED Error","level":"info","time":"21:56:53:659"}
{"message":"Some information4","level":"info","time":"21:58:2:648"}
{"message":"Some information5","level":"warn","time":"21:58:2:649"}
{"message":"Some information6","level":"error","time":"21:58:2:650"}
{"message":"You might need to start the Postgresql server with the command 'sudo service postgresql start' if you get an ECONNREFUSED Error","level":"info","time":"21:58:19:378"}
{"message":"Some information4","level":"info","time":"21:59:32:800"}
{"message":"Some information5","level":"warn","time":"21:59:32:801"}
{"message":"Some information6","level":"error","time":"21:59:32:802"}
{"message":"You might need to start the Postgresql server with the command 'sudo service postgresql start' if you get an ECONNREFUSED Error","level":"info","time":"21:59:47:799"}
{"message":"Some information4","level":"info","time":"22:1:2:352"}
{"message":"Some information5","level":"warn","time":"22:1:2:354"}
{"message":"Some information6","level":"error","time":"22:1:2:355"}
{"message":"You might need to start the Postgresql server with the command 'sudo service postgresql start' if you get an ECONNREFUSED Error","level":"info","time":"22:1:13:588"}
{"message":"Some information4","level":"info","time":"22:2:35:889"}
{"message":"Some information5","level":"warn","time":"22:2:35:891"}
{"message":"Some information6","level":"error","time":"22:2:35:892"}
