{"message":"You might need to start the Postgresql server with the command 'sudo service postgresql start' if you get an ECONNREFUSED Error","level":"info","time":"10:39:16:121"}
{"message":"Some information4","level":"info","time":"10:40:9:83"}
{"message":"Some information5","level":"warn","time":"10:40:9:84"}
{"message":"Some information6","level":"error","time":"10:40:9:85"}
{"message":"You might need to start the Postgresql server with the command 'sudo service postgresql start' if you get an ECONNREFUSED Error","level":"info","time":"10:40:23:960"}
{"message":"Some information4","level":"info","time":"10:41:14:909"}
{"message":"Some information5","level":"warn","time":"10:41:14:910"}
{"message":"Some information6","level":"error","time":"10:41:14:910"}
{"message":"You might need to start the Postgresql server with the command 'sudo service postgresql start' if you get an ECONNREFUSED Error","level":"info","time":"11:19:23:553"}
{"message":"Some information4","level":"info","time":"11:20:21:223"}
{"message":"Some information5","level":"warn","time":"11:20:21:223"}
{"message":"Some information6","level":"error","time":"11:20:21:224"}
{"message":"You might need to start the Postgresql server with the command 'sudo service postgresql start' if you get an ECONNREFUSED Error","level":"info","time":"11:23:22:912"}
{"message":"Some information4","level":"info","time":"11:24:13:556"}
{"message":"Some information5","level":"warn","time":"11:24:13:557"}
{"message":"Some information6","level":"error","time":"11:24:13:558"}
{"message":"You might need to start the Postgresql server with the command 'sudo service postgresql start' if you get an ECONNREFUSED Error","level":"info","time":"11:24:37:95"}
{"message":"Some information4","level":"info","time":"11:25:43:392"}
{"message":"Some information5","level":"warn","time":"11:25:43:393"}
{"message":"Some information6","level":"error","time":"11:25:43:393"}
{"message":"You might need to start the Postgresql server with the command 'sudo service postgresql start' if you get an ECONNREFUSED Error","level":"info","time":"11:26:13:744"}
{"message":"Some information4","level":"info","time":"11:27:33:833"}
{"message":"Some information5","level":"warn","time":"11:27:33:834"}
{"message":"Some information6","level":"error","time":"11:27:33:835"}
{"message":"You might need to start the Postgresql server with the command 'sudo service postgresql start' if you get an ECONNREFUSED Error","level":"info","time":"11:28:21:922"}
{"message":"Some information4","level":"info","time":"11:29:27:526"}
{"message":"Some information5","level":"warn","time":"11:29:27:527"}
{"message":"Some information6","level":"error","time":"11:29:27:527"}
{"message":"You might need to start the Postgresql server with the command 'sudo service postgresql start' if you get an ECONNREFUSED Error","level":"info","time":"13:38:53:778"}
{"message":"Some information4","level":"info","time":"13:40:4:741"}
{"message":"Some information5","level":"warn","time":"13:40:4:742"}
{"message":"Some information6","level":"error","time":"13:40:4:742"}
{"message":"You might need to start the Postgresql server with the command 'sudo service postgresql start' if you get an ECONNREFUSED Error","level":"info","time":"13:57:51:694"}
{"message":"Some information4","level":"info","time":"13:58:57:314"}
{"message":"Some information5","level":"warn","time":"13:58:57:315"}
{"message":"Some information6","level":"error","time":"13:58:57:316"}
{"message":"You might need to start the Postgresql server with the command 'sudo service postgresql start' if you get an ECONNREFUSED Error","level":"info","time":"14:21:42:108"}
{"message":"Some information4","level":"info","time":"14:22:56:125"}
{"message":"Some information5","level":"warn","time":"14:22:56:126"}
{"message":"Some information6","level":"error","time":"14:22:56:127"}
{"message":"You might need to start the Postgresql server with the command 'sudo service postgresql start' if you get an ECONNREFUSED Error","level":"info","time":"14:34:18:111"}
{"message":"Some information4","level":"info","time":"14:35:27:467"}
{"message":"Some information5","level":"warn","time":"14:35:27:468"}
{"message":"Some information6","level":"error","time":"14:35:27:468"}
{"message":"You might need to start the Postgresql server with the command 'sudo service postgresql start' if you get an ECONNREFUSED Error","level":"info","time":"14:46:17:866"}
{"message":"Some information4","level":"info","time":"14:47:33:299"}
{"message":"Some information5","level":"warn","time":"14:47:33:301"}
{"message":"Some information6","level":"error","time":"14:47:33:302"}
{"message":"You might need to start the Postgresql server with the command 'sudo service postgresql start' if you get an ECONNREFUSED Error","level":"info","time":"17:44:25:102"}
{"message":"Some information4","level":"info","time":"17:45:59:526"}
{"message":"Some information5","level":"warn","time":"17:45:59:527"}
{"message":"Some information6","level":"error","time":"17:45:59:528"}
{"message":"You might need to start the Postgresql server with the command 'sudo service postgresql start' if you get an ECONNREFUSED Error","level":"info","time":"18:25:37:109"}
{"message":"Some information4","level":"info","time":"18:27:16:976"}
{"message":"Some information5","level":"warn","time":"18:27:16:977"}
{"message":"Some information6","level":"error","time":"18:27:16:977"}
{"message":"You might need to start the Postgresql server with the command 'sudo service postgresql start' if you get an ECONNREFUSED Error","level":"info","time":"18:58:17:24"}
{"message":"Some information4","level":"info","time":"19:0:5:306"}
{"message":"Some information5","level":"warn","time":"19:0:5:308"}
{"message":"Some information6","level":"error","time":"19:0:5:309"}
{"message":"You might need to start the Postgresql server with the command 'sudo service postgresql start' if you get an ECONNREFUSED Error","level":"info","time":"19:6:43:394"}
{"message":"Some information4","level":"info","time":"19:8:21:492"}
{"message":"Some information5","level":"warn","time":"19:8:21:494"}
{"message":"Some information6","level":"error","time":"19:8:21:495"}
{"message":"You might need to start the Postgresql server with the command 'sudo service postgresql start' if you get an ECONNREFUSED Error","level":"info","time":"19:13:20:93"}
{"message":"Some information4","level":"info","time":"19:14:26:923"}
{"message":"Some information5","level":"warn","time":"19:14:26:924"}
{"message":"Some information6","level":"error","time":"19:14:26:925"}
{"message":"error: hour \"13\" is invalid for the 12-hour clock\n    at Parser.parseErrorMessage (/mnt/c/Users/Magonba/Desktop/SharedFolderVM/WasteCollectionApp/node_modules/pg-protocol/src/parser.ts:357:11)\n    at Parser.handlePacket (/mnt/c/Users/Magonba/Desktop/SharedFolderVM/WasteCollectionApp/node_modules/pg-protocol/src/parser.ts:186:21)\n    at Parser.parse (/mnt/c/Users/Magonba/Desktop/SharedFolderVM/WasteCollectionApp/node_modules/pg-protocol/src/parser.ts:101:30)\n    at Socket.<anonymous> (/mnt/c/Users/Magonba/Desktop/SharedFolderVM/WasteCollectionApp/node_modules/pg-protocol/src/index.ts:7:48)\n    at Socket.emit (node:events:379:20)\n    at addChunk (node:internal/streams/readable:313:12)\n    at readableAddChunk (node:internal/streams/readable:288:9)\n    at Socket.Readable.push (node:internal/streams/readable:227:10)\n    at TCP.onStreamRead (node:internal/stream_base_commons:190:23)","level":"error","time":"19:17:3:436"}
{"message":"error: hour \"13\" is invalid for the 12-hour clock\n    at Parser.parseErrorMessage (/mnt/c/Users/Magonba/Desktop/SharedFolderVM/WasteCollectionApp/node_modules/pg-protocol/src/parser.ts:357:11)\n    at Parser.handlePacket (/mnt/c/Users/Magonba/Desktop/SharedFolderVM/WasteCollectionApp/node_modules/pg-protocol/src/parser.ts:186:21)\n    at Parser.parse (/mnt/c/Users/Magonba/Desktop/SharedFolderVM/WasteCollectionApp/node_modules/pg-protocol/src/parser.ts:101:30)\n    at Socket.<anonymous> (/mnt/c/Users/Magonba/Desktop/SharedFolderVM/WasteCollectionApp/node_modules/pg-protocol/src/index.ts:7:48)\n    at Socket.emit (node:events:379:20)\n    at addChunk (node:internal/streams/readable:313:12)\n    at readableAddChunk (node:internal/streams/readable:288:9)\n    at Socket.Readable.push (node:internal/streams/readable:227:10)\n    at TCP.onStreamRead (node:internal/stream_base_commons:190:23)","level":"error","time":"19:17:3:441"}
{"message":"error: hour \"13\" is invalid for the 12-hour clock\n    at Parser.parseErrorMessage (/mnt/c/Users/Magonba/Desktop/SharedFolderVM/WasteCollectionApp/node_modules/pg-protocol/src/parser.ts:357:11)\n    at Parser.handlePacket (/mnt/c/Users/Magonba/Desktop/SharedFolderVM/WasteCollectionApp/node_modules/pg-protocol/src/parser.ts:186:21)\n    at Parser.parse (/mnt/c/Users/Magonba/Desktop/SharedFolderVM/WasteCollectionApp/node_modules/pg-protocol/src/parser.ts:101:30)\n    at Socket.<anonymous> (/mnt/c/Users/Magonba/Desktop/SharedFolderVM/WasteCollectionApp/node_modules/pg-protocol/src/index.ts:7:48)\n    at Socket.emit (node:events:379:20)\n    at addChunk (node:internal/streams/readable:313:12)\n    at readableAddChunk (node:internal/streams/readable:288:9)\n    at Socket.Readable.push (node:internal/streams/readable:227:10)\n    at TCP.onStreamRead (node:internal/stream_base_commons:190:23)","level":"error","time":"19:21:29:810"}
{"message":"error: hour \"13\" is invalid for the 12-hour clock\n    at Parser.parseErrorMessage (/mnt/c/Users/Magonba/Desktop/SharedFolderVM/WasteCollectionApp/node_modules/pg-protocol/src/parser.ts:357:11)\n    at Parser.handlePacket (/mnt/c/Users/Magonba/Desktop/SharedFolderVM/WasteCollectionApp/node_modules/pg-protocol/src/parser.ts:186:21)\n    at Parser.parse (/mnt/c/Users/Magonba/Desktop/SharedFolderVM/WasteCollectionApp/node_modules/pg-protocol/src/parser.ts:101:30)\n    at Socket.<anonymous> (/mnt/c/Users/Magonba/Desktop/SharedFolderVM/WasteCollectionApp/node_modules/pg-protocol/src/index.ts:7:48)\n    at Socket.emit (node:events:379:20)\n    at addChunk (node:internal/streams/readable:313:12)\n    at readableAddChunk (node:internal/streams/readable:288:9)\n    at Socket.Readable.push (node:internal/streams/readable:227:10)\n    at TCP.onStreamRead (node:internal/stream_base_commons:190:23)","level":"error","time":"19:21:29:813"}
{"message":"error: hour \"13\" is invalid for the 12-hour clock\n    at Parser.parseErrorMessage (/mnt/c/Users/Magonba/Desktop/SharedFolderVM/WasteCollectionApp/node_modules/pg-protocol/src/parser.ts:357:11)\n    at Parser.handlePacket (/mnt/c/Users/Magonba/Desktop/SharedFolderVM/WasteCollectionApp/node_modules/pg-protocol/src/parser.ts:186:21)\n    at Parser.parse (/mnt/c/Users/Magonba/Desktop/SharedFolderVM/WasteCollectionApp/node_modules/pg-protocol/src/parser.ts:101:30)\n    at Socket.<anonymous> (/mnt/c/Users/Magonba/Desktop/SharedFolderVM/WasteCollectionApp/node_modules/pg-protocol/src/index.ts:7:48)\n    at Socket.emit (node:events:379:20)\n    at addChunk (node:internal/streams/readable:313:12)\n    at readableAddChunk (node:internal/streams/readable:288:9)\n    at Socket.Readable.push (node:internal/streams/readable:227:10)\n    at TCP.onStreamRead (node:internal/stream_base_commons:190:23)","level":"error","time":"19:22:19:948"}
{"message":"error: hour \"13\" is invalid for the 12-hour clock\n    at Parser.parseErrorMessage (/mnt/c/Users/Magonba/Desktop/SharedFolderVM/WasteCollectionApp/node_modules/pg-protocol/src/parser.ts:357:11)\n    at Parser.handlePacket (/mnt/c/Users/Magonba/Desktop/SharedFolderVM/WasteCollectionApp/node_modules/pg-protocol/src/parser.ts:186:21)\n    at Parser.parse (/mnt/c/Users/Magonba/Desktop/SharedFolderVM/WasteCollectionApp/node_modules/pg-protocol/src/parser.ts:101:30)\n    at Socket.<anonymous> (/mnt/c/Users/Magonba/Desktop/SharedFolderVM/WasteCollectionApp/node_modules/pg-protocol/src/index.ts:7:48)\n    at Socket.emit (node:events:379:20)\n    at addChunk (node:internal/streams/readable:313:12)\n    at readableAddChunk (node:internal/streams/readable:288:9)\n    at Socket.Readable.push (node:internal/streams/readable:227:10)\n    at TCP.onStreamRead (node:internal/stream_base_commons:190:23)","level":"error","time":"19:57:31:637"}
